<?xml version="1.0" encoding="UTF-8"?>
<!-- Generated by org.testng.reporters.JUnitReportReporter -->
<testsuite skipped="0" hostname="LAPTOP-05FSNU7O" name="test_m3o.TC2_NegativeScenario_Create_DuplicateAccount" tests="1" failures="0" timestamp="2021-10-31T18:14:22 IST" time="0.857" errors="0">
  <testcase name="createDuplicateAccount" time="0.857" classname="test_m3o.TC2_NegativeScenario_Create_DuplicateAccount"/>
  <system-out/>
</testsuite> <!-- test_m3o.TC2_NegativeScenario_Create_DuplicateAccount -->
