<?xml version="1.0" encoding="UTF-8"?>
<!-- Generated by org.testng.reporters.JUnitReportReporter -->
<testsuite skipped="0" hostname="LAPTOP-05FSNU7O" name="test_m3o.TC1_PositiveScenario_Create_NewAccount" tests="1" failures="0" timestamp="2021-10-31T20:10:06 IST" time="4.395" errors="0">
  <testcase name="createNewAccount" time="4.395" classname="test_m3o.TC1_PositiveScenario_Create_NewAccount"/>
  <system-out/>
</testsuite> <!-- test_m3o.TC1_PositiveScenario_Create_NewAccount -->
