<?xml version="1.0" encoding="UTF-8"?>
<!-- Generated by org.testng.reporters.JUnitReportReporter -->
<testsuite skipped="0" hostname="LAPTOP-05FSNU7O" name="test_m3o.TC7_NegativeScenario_Read_DeletedAccount" tests="1" failures="0" timestamp="2021-10-31T17:50:51 IST" time="0.902" errors="0">
  <testcase name="readDeletedAccount" time="0.902" classname="test_m3o.TC7_NegativeScenario_Read_DeletedAccount"/>
  <system-out/>
</testsuite> <!-- test_m3o.TC7_NegativeScenario_Read_DeletedAccount -->
