<?xml version="1.0" encoding="UTF-8"?>
<!-- Generated by org.testng.reporters.JUnitReportReporter -->
<testsuite skipped="0" hostname="LAPTOP-05FSNU7O" name="test_m3o.TC4_PositiveScenario_Update_CreatedAccount" tests="1" failures="0" timestamp="2021-10-31T18:14:22 IST" time="0.888" errors="0">
  <testcase name="updateCreatedAccount" time="0.888" classname="test_m3o.TC4_PositiveScenario_Update_CreatedAccount"/>
  <system-out/>
</testsuite> <!-- test_m3o.TC4_PositiveScenario_Update_CreatedAccount -->
