<?xml version="1.0" encoding="UTF-8"?>
<!-- Generated by org.testng.reporters.JUnitReportReporter -->
<testsuite skipped="0" hostname="LAPTOP-05FSNU7O" name="test_m3o.TC8_NegativeScenario_UnauthorizedAccess" tests="1" failures="0" timestamp="2021-10-31T20:10:06 IST" time="0.844" errors="0">
  <testcase name="unauthorizedAccess" time="0.844" classname="test_m3o.TC8_NegativeScenario_UnauthorizedAccess"/>
  <system-out/>
</testsuite> <!-- test_m3o.TC8_NegativeScenario_UnauthorizedAccess -->
