<?xml version="1.0" encoding="UTF-8"?>
<!-- Generated by org.testng.reporters.JUnitReportReporter -->
<testsuite skipped="0" hostname="LAPTOP-05FSNU7O" name="test_m3o.TC6_PositiveScenario_Delete_Account" tests="1" failures="0" timestamp="2021-10-31T20:10:06 IST" time="0.862" errors="0">
  <testcase name="deleteAccount" time="0.862" classname="test_m3o.TC6_PositiveScenario_Delete_Account"/>
  <system-out/>
</testsuite> <!-- test_m3o.TC6_PositiveScenario_Delete_Account -->
